0 info it worked if it ends with ok
1 verbose cli [ 'C:\\Program Files\\nodejs\\\\node.exe',
1 verbose cli   'C:\\Program Files\\nodejs\\node_modules\\npm\\bin\\npm-cli.js',
1 verbose cli   'publish' ]
2 info using npm@1.1.65
3 info using node@v0.8.14
4 verbose node symlink C:\Program Files\nodejs\\node.exe
5 verbose publish [ '.' ]
6 verbose read json C:\Users\kastor\Documents\GitHub\mustache-comb\package.json
7 verbose cache add [ '.', null ]
8 silly cache add name=undefined spec="." args=[".",null]
9 verbose parsed url { pathname: '.', path: '.', href: '.' }
10 silly lockFile 3a52ce78- .
11 verbose lock . C:\Users\kastor\AppData\Roaming\npm-cache\3a52ce78-.lock
12 verbose read json package.json
13 verbose tar pack [ 'C:\\Users\\kastor\\AppData\\Local\\Temp\\npm-7452\\1352009088854-0.589331804541871\\tmp.tgz',
13 verbose tar pack   '.' ]
14 verbose tarball C:\Users\kastor\AppData\Local\Temp\npm-7452\1352009088854-0.589331804541871\tmp.tgz
15 verbose folder .
16 info prepublish mustache-comb@0.1.0
17 silly lockFile b74a9335-088854-0-589331804541871-tmp-tgz C:\Users\kastor\AppData\Local\Temp\npm-7452\1352009088854-0.589331804541871\tmp.tgz
18 verbose lock C:\Users\kastor\AppData\Local\Temp\npm-7452\1352009088854-0.589331804541871\tmp.tgz C:\Users\kastor\AppData\Roaming\npm-cache\b74a9335-088854-0-589331804541871-tmp-tgz.lock
19 silly lockFile b74a9335-088854-0-589331804541871-tmp-tgz C:\Users\kastor\AppData\Local\Temp\npm-7452\1352009088854-0.589331804541871\tmp.tgz
20 verbose tar unpack C:\Users\kastor\AppData\Local\Temp\npm-7452\1352009088854-0.589331804541871\tmp.tgz
21 silly lockFile a9c3cf9b-088854-0-589331804541871-package C:\Users\kastor\AppData\Local\Temp\npm-7452\1352009088854-0.589331804541871\package
22 verbose lock C:\Users\kastor\AppData\Local\Temp\npm-7452\1352009088854-0.589331804541871\package C:\Users\kastor\AppData\Roaming\npm-cache\a9c3cf9b-088854-0-589331804541871-package.lock
23 silly gunzTarPerm modes [ '755', '644' ]
24 silly gunzTarPerm extractEntry package.json
25 silly gunzTarPerm modified mode [ 'package.json', 438, 420 ]
26 silly gunzTarPerm extractEntry .npmignore
27 silly gunzTarPerm modified mode [ '.npmignore', 438, 420 ]
28 silly gunzTarPerm extractEntry README.md
29 silly gunzTarPerm modified mode [ 'README.md', 438, 420 ]
30 silly gunzTarPerm extractEntry example.js
31 silly gunzTarPerm modified mode [ 'example.js', 438, 420 ]
32 silly gunzTarPerm extractEntry MustacheComb.js
33 silly gunzTarPerm modified mode [ 'MustacheComb.js', 438, 420 ]
34 silly gunzTarPerm extractEntry .gitattributes
35 silly gunzTarPerm modified mode [ '.gitattributes', 438, 420 ]
36 silly gunzTarPerm extractEntry html.mustache
37 silly gunzTarPerm modified mode [ 'html.mustache', 438, 420 ]
38 verbose read json C:\Users\kastor\AppData\Local\Temp\npm-7452\1352009088854-0.589331804541871\package\package.json
39 silly lockFile a9c3cf9b-088854-0-589331804541871-package C:\Users\kastor\AppData\Local\Temp\npm-7452\1352009088854-0.589331804541871\package
40 verbose from cache C:\Users\kastor\AppData\Local\Temp\npm-7452\1352009088854-0.589331804541871\package\package.json
41 verbose tar pack [ 'C:\\Users\\kastor\\AppData\\Roaming\\npm-cache\\mustache-comb\\0.1.0\\package.tgz',
41 verbose tar pack   'C:\\Users\\kastor\\AppData\\Local\\Temp\\npm-7452\\1352009088854-0.589331804541871\\package' ]
42 verbose tarball C:\Users\kastor\AppData\Roaming\npm-cache\mustache-comb\0.1.0\package.tgz
43 verbose folder C:\Users\kastor\AppData\Local\Temp\npm-7452\1352009088854-0.589331804541871\package
44 silly lockFile 56efd19f--mustache-comb-0-1-0-package-tgz C:\Users\kastor\AppData\Roaming\npm-cache\mustache-comb\0.1.0\package.tgz
45 verbose lock C:\Users\kastor\AppData\Roaming\npm-cache\mustache-comb\0.1.0\package.tgz C:\Users\kastor\AppData\Roaming\npm-cache\56efd19f--mustache-comb-0-1-0-package-tgz.lock
46 silly lockFile 56efd19f--mustache-comb-0-1-0-package-tgz C:\Users\kastor\AppData\Roaming\npm-cache\mustache-comb\0.1.0\package.tgz
47 silly lockFile ac690104-ache-mustache-comb-0-1-0-package C:\Users\kastor\AppData\Roaming\npm-cache\mustache-comb\0.1.0\package
48 verbose lock C:\Users\kastor\AppData\Roaming\npm-cache\mustache-comb\0.1.0\package C:\Users\kastor\AppData\Roaming\npm-cache\ac690104-ache-mustache-comb-0-1-0-package.lock
49 silly lockFile ac690104-ache-mustache-comb-0-1-0-package C:\Users\kastor\AppData\Roaming\npm-cache\mustache-comb\0.1.0\package
50 verbose tar unpack C:\Users\kastor\AppData\Roaming\npm-cache\mustache-comb\0.1.0\package.tgz
51 silly lockFile ac690104-ache-mustache-comb-0-1-0-package C:\Users\kastor\AppData\Roaming\npm-cache\mustache-comb\0.1.0\package
52 verbose lock C:\Users\kastor\AppData\Roaming\npm-cache\mustache-comb\0.1.0\package C:\Users\kastor\AppData\Roaming\npm-cache\ac690104-ache-mustache-comb-0-1-0-package.lock
53 silly gunzTarPerm modes [ '755', '644' ]
54 silly gunzTarPerm extractEntry package.json
55 silly gunzTarPerm modified mode [ 'package.json', 438, 420 ]
56 silly gunzTarPerm extractEntry .npmignore
57 silly gunzTarPerm modified mode [ '.npmignore', 438, 420 ]
58 silly gunzTarPerm extractEntry README.md
59 silly gunzTarPerm modified mode [ 'README.md', 438, 420 ]
60 silly gunzTarPerm extractEntry example.js
61 silly gunzTarPerm modified mode [ 'example.js', 438, 420 ]
62 silly gunzTarPerm extractEntry MustacheComb.js
63 silly gunzTarPerm modified mode [ 'MustacheComb.js', 438, 420 ]
64 silly gunzTarPerm extractEntry .gitattributes
65 silly gunzTarPerm modified mode [ '.gitattributes', 438, 420 ]
66 silly gunzTarPerm extractEntry html.mustache
67 silly gunzTarPerm modified mode [ 'html.mustache', 438, 420 ]
68 verbose read json C:\Users\kastor\AppData\Roaming\npm-cache\mustache-comb\0.1.0\package\package.json
69 silly lockFile ac690104-ache-mustache-comb-0-1-0-package C:\Users\kastor\AppData\Roaming\npm-cache\mustache-comb\0.1.0\package
70 silly shasum updated bytes 4358
71 info shasum 16efb1758e01febab88b313ab5da78bda428c859
71 info shasum C:\Users\kastor\AppData\Roaming\npm-cache\mustache-comb\0.1.0\package.tgz
72 verbose from cache C:\Users\kastor\AppData\Roaming\npm-cache\mustache-comb\0.1.0\package\package.json
73 verbose chmod C:\Users\kastor\AppData\Roaming\npm-cache\mustache-comb\0.1.0\package.tgz 644
74 silly chown skipping for windows C:\Users\kastor\AppData\Roaming\npm-cache\mustache-comb\0.1.0\package.tgz
75 silly lockFile 3a52ce78- .
76 silly publish { name: 'mustache-comb',
76 silly publish   version: '0.1.0',
76 silly publish   main: './MustacheComb.js',
76 silly publish   description: 'A utility wrapper around mustache.',
76 silly publish   keywords: [ 'mustache', 'template', 'utilities' ],
76 silly publish   homepage: 'https://github.com/matthewkastor/mustache-comb/',
76 silly publish   bugs: 'https://github.com/matthewkastor/mustache-comb/issues',
76 silly publish   author:
76 silly publish    { name: 'Matthew Kastor',
76 silly publish      email: 'matthewkastor@gmail.com',
76 silly publish      url: 'https://plus.google.com/100898583798552211130' },
76 silly publish   repository:
76 silly publish    { type: 'git',
76 silly publish      url: 'git://github.com/matthewkastor/mustache-comb.git' },
76 silly publish   engines: { node: '>=0.8.14' },
76 silly publish   dependencies: { mustache: '*' },
76 silly publish   readme: 'A utility wrapper around mustache.\n',
76 silly publish   readmeFilename: 'README.md',
76 silly publish   _id: 'mustache-comb@0.1.0',
76 silly publish   dist: { shasum: '16efb1758e01febab88b313ab5da78bda428c859' } }
77 verbose url raw mustache-comb
78 verbose url resolving [ 'https://registry.npmjs.org/', './mustache-comb' ]
79 verbose url resolved https://registry.npmjs.org/mustache-comb
80 info trying registry request attempt 1 at 01:04:50
81 http PUT https://registry.npmjs.org/mustache-comb
82 http 409 https://registry.npmjs.org/mustache-comb
83 verbose url raw mustache-comb
84 verbose url resolving [ 'https://registry.npmjs.org/', './mustache-comb' ]
85 verbose url resolved https://registry.npmjs.org/mustache-comb
86 info trying registry request attempt 1 at 01:04:51
87 http GET https://registry.npmjs.org/mustache-comb
88 http 200 https://registry.npmjs.org/mustache-comb
89 verbose url raw mustache-comb/0.1.0/-tag/latest
90 verbose url resolving [ 'https://registry.npmjs.org/',
90 verbose url resolving   './mustache-comb/0.1.0/-tag/latest' ]
91 verbose url resolved https://registry.npmjs.org/mustache-comb/0.1.0/-tag/latest
92 info trying registry request attempt 1 at 01:04:52
93 http PUT https://registry.npmjs.org/mustache-comb/0.1.0/-tag/latest
94 http 403 https://registry.npmjs.org/mustache-comb/0.1.0/-tag/latest
95 error publish Error sending version data
96 error Error: forbidden user: kastor not authorized to modify mustache-comb
96 error Changed: description "Basic validation of HTML in mustache templates." -> "A utility wrapper around mustache."
96 error Changed: dist-tags.latest "0.0.1-1" -> "0.1.0"
96 error Added: versions.0.1.0
96 error Changed: time.modified "2012-10-26T06:44:28.120Z" -> "2012-11-04T06:04:51.060Z"
96 error Added: time.0.1.0
96 error Changed: author.name "Steven Oxley" -> "Matthew Kastor"
96 error Changed: author.email "steven.aj.oxley@gmail.com" -> "matthewkastor@gmail.com"
96 error Changed: author.url "http://stevenoxley.com/about/" -> "https://plus.google.com/100898583798552211130"
96 error Changed: repository.url "https://github.com/xonev/mustache-comb.git" -> "git://github.com/matthewkastor/mustache-comb.git": mustache-comb/0.1.0/-tag/latest
96 error     at RegClient.<anonymous> (C:\Program Files\nodejs\node_modules\npm\node_modules\npm-registry-client\lib\request.js:259:14)
96 error     at Request.init.self.callback (C:\Program Files\nodejs\node_modules\npm\node_modules\request\main.js:120:22)
96 error     at Request.EventEmitter.emit (events.js:99:17)
96 error     at Request.<anonymous> (C:\Program Files\nodejs\node_modules\npm\node_modules\request\main.js:648:16)
96 error     at Request.EventEmitter.emit (events.js:126:20)
96 error     at IncomingMessage.Request.start.self.req.self.httpModule.request.buffer (C:\Program Files\nodejs\node_modules\npm\node_modules\request\main.js:610:14)
96 error     at IncomingMessage.EventEmitter.emit (events.js:126:20)
96 error     at IncomingMessage._emitEnd (http.js:366:10)
96 error     at HTTPParser.parserOnMessageComplete [as onMessageComplete] (http.js:149:23)
96 error     at CleartextStream.socketOnData [as ondata] (http.js:1367:20)
97 error If you need help, you may report this log at:
97 error     <http://github.com/isaacs/npm/issues>
97 error or email it to:
97 error     <npm-@googlegroups.com>
98 error System Windows_NT 6.1.7601
99 error command "C:\\Program Files\\nodejs\\\\node.exe" "C:\\Program Files\\nodejs\\node_modules\\npm\\bin\\npm-cli.js" "publish"
100 error cwd C:\Users\kastor\Documents\GitHub\mustache-comb
101 error node -v v0.8.14
102 error npm -v 1.1.65
103 verbose exit [ 1, true ]
